INFO:werkzeug:[31m[1mWARNING: This is a development server. Do not use it in a production deployment. Use a production WSGI server instead.[0m
 * Running on http://127.0.0.1:5000
INFO:werkzeug:[33mPress CTRL+C to quit[0m
2024-08-06 13:13:34,234 - INFO - [31m[1mWARNING: This is a development server. Do not use it in a production deployment. Use a production WSGI server instead.[0m
 * Running on http://127.0.0.1:5000
2024-08-06 13:13:34,235 - INFO - [33mPress CTRL+C to quit[0m
2024-08-06 13:13:34,237 - INFO -  * Restarting with stat
2024-08-06 13:13:35,528 - WARNING -  * Debugger is active!
2024-08-06 13:13:35,531 - INFO -  * Debugger PIN: 110-232-878
2024-08-06 13:13:45,679 - INFO - [31m[1mWARNING: This is a development server. Do not use it in a production deployment. Use a production WSGI server instead.[0m
 * Running on http://127.0.0.1:5000
2024-08-06 13:13:45,679 - INFO - [33mPress CTRL+C to quit[0m
2024-08-06 13:13:45,681 - INFO -  * Restarting with stat
2024-08-06 13:13:46,978 - WARNING -  * Debugger is active!
2024-08-06 13:13:46,980 - INFO -  * Debugger PIN: 110-232-878
2024-08-06 13:14:34,019 - INFO - [31m[1mWARNING: This is a development server. Do not use it in a production deployment. Use a production WSGI server instead.[0m
 * Running on http://127.0.0.1:5000
2024-08-06 13:14:34,019 - INFO - [33mPress CTRL+C to quit[0m
2024-08-06 13:14:34,021 - INFO -  * Restarting with stat
2024-08-06 13:14:35,354 - WARNING -  * Debugger is active!
2024-08-06 13:14:35,356 - INFO -  * Debugger PIN: 110-232-878
2024-08-06 13:15:27,258 - INFO - [31m[1mWARNING: This is a development server. Do not use it in a production deployment. Use a production WSGI server instead.[0m
 * Running on http://127.0.0.1:5000
2024-08-06 13:15:27,258 - INFO - [33mPress CTRL+C to quit[0m
2024-08-06 13:15:27,260 - INFO -  * Restarting with stat
2024-08-06 13:15:28,630 - WARNING -  * Debugger is active!
2024-08-06 13:15:28,635 - INFO -  * Debugger PIN: 110-232-878
2024-08-06 13:17:29,383 - INFO - [31m[1mWARNING: This is a development server. Do not use it in a production deployment. Use a production WSGI server instead.[0m
 * Running on http://127.0.0.1:5000
2024-08-06 13:17:29,383 - INFO - [33mPress CTRL+C to quit[0m
2024-08-06 13:17:29,385 - INFO -  * Restarting with stat
2024-08-06 13:17:30,748 - WARNING -  * Debugger is active!
2024-08-06 13:17:30,751 - INFO -  * Debugger PIN: 110-232-878
2024-08-06 13:18:02,245 - INFO - [31m[1mWARNING: This is a development server. Do not use it in a production deployment. Use a production WSGI server instead.[0m
 * Running on http://127.0.0.1:5000
2024-08-06 13:18:02,245 - INFO - [33mPress CTRL+C to quit[0m
2024-08-06 13:18:02,248 - INFO -  * Restarting with stat
2024-08-06 13:18:03,617 - WARNING -  * Debugger is active!
2024-08-06 13:18:03,620 - INFO -  * Debugger PIN: 110-232-878
2024-08-06 13:20:04,862 - INFO - [31m[1mWARNING: This is a development server. Do not use it in a production deployment. Use a production WSGI server instead.[0m
 * Running on http://127.0.0.1:5000
2024-08-06 13:20:04,862 - INFO - [33mPress CTRL+C to quit[0m
2024-08-06 13:20:04,864 - INFO -  * Restarting with stat
2024-08-06 13:20:06,208 - WARNING -  * Debugger is active!
2024-08-06 13:20:06,211 - INFO -  * Debugger PIN: 110-232-878
